#
# There is insufficient memory for the Java Runtime Environment to continue.
# Native memory allocation (mmap) failed to map 266338304 bytes for G1 virtual space
# Possible reasons:
#   The system is out of physical RAM or swap space
#   The process is running with CompressedOops enabled, and the Java Heap may be blocking the growth of the native heap
# Possible solutions:
#   Reduce memory load on the system
#   Increase physical memory or swap space
#   Check if swap backing store is full
#   Decrease Java heap size (-Xmx/-Xms)
#   Decrease number of Java threads
#   Decrease Java thread stack sizes (-Xss)
#   Set larger code cache with -XX:ReservedCodeCacheSize=
#   JVM is running with Zero Based Compressed Oops mode in which the Java heap is
#     placed in the first 32GB address space. The Java Heap base address is the
#     maximum limit for the native heap growth. Please use -XX:HeapBaseMinAddress
#     to set the Java Heap base and to place the Java Heap above 32GB virtual address.
# This output file may be truncated or incomplete.
#
#  Out of Memory Error (./open/src/hotspot/os/windows/os_windows.cpp:3472), pid=1312, tid=29248
#
# JRE version:  (15.0+36) (build )
# Java VM: OpenJDK 64-Bit Server VM (15+36-1562, mixed mode, sharing, tiered, compressed oops, g1 gc, windows-amd64)
# No core dump will be written. Minidumps are not enabled by default on client versions of Windows
#

---------------  S U M M A R Y ------------

Command Line: -Dfile.encoding=Cp1252 --enable-preview -XX:+ShowCodeDetailsInExceptionMessages com.mateusborja.java2.aula54.AplicacaoDiaSemanaEnum

Host: Intel(R) Core(TM) i7-9750H CPU @ 2.60GHz, 12 cores, 15G,  Windows 10 , 64 bit Build 19041 (10.0.19041.662)
Time: Fri Dec 11 13:22:17 2020 Hora Padrão de Caracas elapsed time: 0.028273 seconds (0d 0h 0m 0s)

---------------  T H R E A D  ---------------

Current thread (0x000002209f3e0a20):  JavaThread "Unknown thread" [_thread_in_vm, id=29248, stack(0x000000d870800000,0x000000d870900000)]

Stack: [0x000000d870800000,0x000000d870900000]
Native frames: (J=compiled Java code, j=interpreted, Vv=VM code, C=native code)
V  [jvm.dll+0x629eaa]
V  [jvm.dll+0x780379]
V  [jvm.dll+0x781ad3]
V  [jvm.dll+0x782133]
V  [jvm.dll+0x2159d5]
V  [jvm.dll+0x627299]
V  [jvm.dll+0x61bdd5]
V  [jvm.dll+0x2cf96d]
V  [jvm.dll+0x2cf7d2]
V  [jvm.dll+0x2d57ac]
V  [jvm.dll+0x32523a]
V  [jvm.dll+0x324904]
V  [jvm.dll+0x2a68ea]
V  [jvm.dll+0x2a7a88]
V  [jvm.dll+0x75d0f1]
V  [jvm.dll+0x333af4]
V  [jvm.dll+0x73d816]
V  [jvm.dll+0x3b68e7]
V  [jvm.dll+0x3b8371]
C  [jli.dll+0x52fb]
C  [ucrtbase.dll+0x214c2]
C  [KERNEL32.DLL+0x17034]
C  [ntdll.dll+0x4d0d1]


---------------  P R O C E S S  ---------------

Threads class SMR info:
_java_thread_list=0x00007ffd1b322fa0, length=0, elements={
}

Java Threads: ( => current thread )

Other Threads:
  0x000002209f4339f0 GCTaskThread "GC Thread#0" [stack: 0x000000d870900000,0x000000d870a00000] [id=29620]
  0x000002209f446150 ConcurrentGCThread "G1 Main Marker" [stack: 0x000000d870a00000,0x000000d870b00000] [id=6048]
  0x000002209f446cd0 ConcurrentGCThread "G1 Conc#0" [stack: 0x000000d870b00000,0x000000d870c00000] [id=4712]

[error occurred during error reporting (printing all threads), id 0xc0000005, EXCEPTION_ACCESS_VIOLATION (0xc0000005) at pc=0x00007ffd1ab177b7]

VM state: not at safepoint (not fully initialized)

VM Mutex/Monitor currently owned by a thread:  ([mutex/lock_event])
[0x000002209f3db950] Heap_lock - owner thread: 0x000002209f3e0a20

Heap address: 0x0000000702200000, size: 4062 MB, Compressed Oops mode: Zero based, Oop shift amount: 3
CDS archive(s) mapped at: [0x0000000000000000-0x0000000000000000-0x0000000000000000), size 0, SharedBaseAddress: 0x0000000800000000, ArchiveRelocationMode: 0.
Narrow klass base: 0x0000000000000000, Narrow klass shift: 0, Narrow klass range: 0x0

Heap:
 garbage-first heap   total 260096K, used 0K [0x0000000702200000, 0x0000000800000000)
  region size 2048K, 0 young (0K), 0 survivors (0K)
 Metaspace       used 0K, capacity 0K, committed 0K, reserved 0K
  class space    used 0K, capacity 0K, committed 0K, reserved 0K

Heap Regions: E=young(eden), S=young(survivor), O=old, HS=humongous(starts), HC=humongous(continues), CS=collection set, F=free, OA=open archive, CA=closed archive, TAMS=top-at-mark-start (previous, next)

Card table byte_map: [0x00000220b7350000,0x00000220b7b40000] _byte_map_base: 0x00000220b3b3f000

Marking Bits (Prev, Next): (CMBitMap*) 0x000002209f435180, (CMBitMap*) 0x000002209f4351c0
 Prev Bits: [0x00000220b8330000, 0x00000220bc2a8000)
 Next Bits: [0x00000220bc2b0000, 0x00000220c0228000)

GC Heap History (0 events):
No events

Deoptimization events (0 events):
No events

Classes unloaded (0 events):
No events

Classes redefined (0 events):
No events

Internal exceptions (0 events):
No events

Events (1 events):
Event: 0.005 Loaded shared library C:\Program Files\Java\jdk-15\bin\java.dll


Dynamic libraries:
0x00007ff69a800000 - 0x00007ff69a80d000 	C:\Program Files\Java\jdk-15\bin\javaw.exe
0x00007ffe08c10000 - 0x00007ffe08e06000 	C:\WINDOWS\SYSTEM32\ntdll.dll
0x00007ffe07590000 - 0x00007ffe0764d000 	C:\WINDOWS\System32\KERNEL32.DLL
0x00007ffe06920000 - 0x00007ffe06be9000 	C:\WINDOWS\System32\KERNELBASE.dll
0x00007ffe06320000 - 0x00007ffe06420000 	C:\WINDOWS\System32\ucrtbase.dll
0x00007ffdec860000 - 0x00007ffdec878000 	C:\Program Files\Java\jdk-15\bin\jli.dll
0x00007ffdec840000 - 0x00007ffdec859000 	C:\Program Files\Java\jdk-15\bin\VCRUNTIME140.dll
0x00007ffe07700000 - 0x00007ffe078a0000 	C:\WINDOWS\System32\USER32.dll
0x00007ffe064a0000 - 0x00007ffe064c2000 	C:\WINDOWS\System32\win32u.dll
0x00007ffdf2950000 - 0x00007ffdf2beb000 	C:\WINDOWS\WinSxS\amd64_microsoft.windows.common-controls_6595b64144ccf1df_6.0.19041.488_none_ca04af081b815d21\COMCTL32.dll
0x00007ffe08990000 - 0x00007ffe089ba000 	C:\WINDOWS\System32\GDI32.dll
0x00007ffe07650000 - 0x00007ffe076ee000 	C:\WINDOWS\System32\msvcrt.dll
0x00007ffe06600000 - 0x00007ffe06709000 	C:\WINDOWS\System32\gdi32full.dll
0x00007ffe06560000 - 0x00007ffe065fd000 	C:\WINDOWS\System32\msvcp_win.dll
0x00007ffe08640000 - 0x00007ffe08670000 	C:\WINDOWS\System32\IMM32.DLL
0x00007ffe03020000 - 0x00007ffe0302c000 	C:\Program Files\Java\jdk-15\bin\vcruntime140_1.dll
0x00007ffdec7a0000 - 0x00007ffdec831000 	C:\Program Files\Java\jdk-15\bin\msvcp140.dll
0x00007ffd1a860000 - 0x00007ffd1b3bc000 	C:\Program Files\Java\jdk-15\bin\server\jvm.dll
0x00007ffe07900000 - 0x00007ffe079ac000 	C:\WINDOWS\System32\ADVAPI32.dll
0x00007ffe08350000 - 0x00007ffe083ec000 	C:\WINDOWS\System32\sechost.dll
0x00007ffe08670000 - 0x00007ffe0879b000 	C:\WINDOWS\System32\RPCRT4.dll
0x00007ffe07470000 - 0x00007ffe07478000 	C:\WINDOWS\System32\PSAPI.DLL
0x00007ffe01d40000 - 0x00007ffe01d4a000 	C:\WINDOWS\SYSTEM32\VERSION.dll
0x00007ffdf50d0000 - 0x00007ffdf50d9000 	C:\WINDOWS\SYSTEM32\WSOCK32.dll
0x00007ffdecfb0000 - 0x00007ffdecfd7000 	C:\WINDOWS\SYSTEM32\WINMM.dll
0x00007ffe079d0000 - 0x00007ffe07a3b000 	C:\WINDOWS\System32\WS2_32.dll
0x00007ffe04190000 - 0x00007ffe041a2000 	C:\WINDOWS\SYSTEM32\kernel.appcore.dll
0x00007ffdffbf0000 - 0x00007ffdffbfa000 	C:\Program Files\Java\jdk-15\bin\jimage.dll
0x00007ffdfdc40000 - 0x00007ffdfde24000 	C:\WINDOWS\SYSTEM32\DBGHELP.DLL
0x00007ffdfe0e0000 - 0x00007ffdfe10c000 	C:\WINDOWS\SYSTEM32\dbgcore.DLL
0x00007ffe06420000 - 0x00007ffe064a0000 	C:\WINDOWS\System32\bcryptPrimitives.dll
0x00007ffd20230000 - 0x00007ffd20255000 	C:\Program Files\Java\jdk-15\bin\java.dll

dbghelp: loaded successfully - version: 4.0.5 - missing functions: none
symbol engine: initialized successfully - sym options: 0x614 - pdb path: .;C:\Program Files\Java\jdk-15\bin;C:\WINDOWS\SYSTEM32;C:\WINDOWS\WinSxS\amd64_microsoft.windows.common-controls_6595b64144ccf1df_6.0.19041.488_none_ca04af081b815d21;C:\Program Files\Java\jdk-15\bin\server

VM Arguments:
jvm_args: -Dfile.encoding=Cp1252 --enable-preview -XX:+ShowCodeDetailsInExceptionMessages 
java_command: com.mateusborja.java2.aula54.AplicacaoDiaSemanaEnum
java_class_path (initial): D:\MINE\2020\developer\courses\loiane training\java2\repositorio\loianetraining-java2\bin
Launcher Type: SUN_STANDARD

[Global flags]
     intx CICompilerCount                          = 4                                         {product} {ergonomic}
     uint ConcGCThreads                            = 3                                         {product} {ergonomic}
     uint G1ConcRefinementThreads                  = 10                                        {product} {ergonomic}
   size_t G1HeapRegionSize                         = 2097152                                   {product} {ergonomic}
    uintx GCDrainStackTargetSize                   = 64                                        {product} {ergonomic}
   size_t InitialHeapSize                          = 266338304                                 {product} {ergonomic}
   size_t MarkStackSize                            = 4194304                                   {product} {ergonomic}
   size_t MaxHeapSize                              = 4259315712                                {product} {ergonomic}
   size_t MinHeapDeltaBytes                        = 2097152                                   {product} {ergonomic}
   size_t MinHeapSize                              = 8388608                                   {product} {ergonomic}
    uintx NonNMethodCodeHeapSize                   = 5839372                                {pd product} {ergonomic}
    uintx NonProfiledCodeHeapSize                  = 122909434                              {pd product} {ergonomic}
    uintx ProfiledCodeHeapSize                     = 122909434                              {pd product} {ergonomic}
    uintx ReservedCodeCacheSize                    = 251658240                              {pd product} {ergonomic}
     bool SegmentedCodeCache                       = true                                      {product} {ergonomic}
     bool ShowCodeDetailsInExceptionMessages       = true                                   {manageable} {command line}
   size_t SoftMaxHeapSize                          = 4259315712                             {manageable} {ergonomic}
     bool UseCompressedClassPointers               = true                                 {lp64_product} {ergonomic}
     bool UseCompressedOops                        = true                                 {lp64_product} {ergonomic}
     bool UseG1GC                                  = true                                      {product} {ergonomic}
     bool UseLargePagesIndividualAllocation        = false                                  {pd product} {ergonomic}

Logging:
Log output configuration:
 #0: stdout all=warning uptime,level,tags
 #1: stderr all=off uptime,level,tags

Environment Variables:
JAVA_HOME=C:\Program Files\Java\jdk-15
PATH=C:/Program Files/Java/jdk-15/bin/server;C:/Program Files/Java/jdk-15/bin;C:\MinGW\bin;C:\ProgramData\Anaconda3;C:\ProgramData\Anaconda3\Library\mingw-w64\bin;C:\ProgramData\Anaconda3\Library\usr\bin;C:\ProgramData\Anaconda3\Library\bin;C:\ProgramData\Anaconda3\Scripts;C:\Python\Python39\Scripts\;C:\Python\Python39\;C:\Program Files\Java\jdk-15\bin;C:\Program Files\Java\jdk-15\bin;C:\Program Files\MySQL\MySQL Server 8.0\bin;C:\Program Files\dotnet\;C:\Users\mateus.borja\AppData\Local\Programs\Python\Python39\Scripts;C:\Users\mateus.borja\AppData\Local\Programs\Python\Python39;C:\Gradle\gradle-6.7\bin;C:\Program Files (x86)\Common Files\Intel\Shared Libraries\redist\intel64_win\compiler;C:\Windows\system32;C:\Program Files (x86)\Common Files\Oracle\Java\javapath;C:\Windows;C:\Windows\System32\Wbem;C:\Windows\System32\WindowsPowerShell\v1.0\;C:\Windows\System32\OpenSSH\;C:\ProgramData\chocolatey\bin;C:\Program Files\Git\cmd;C:\Program Files (x86)\NVIDIA Corporation\PhysX\Common;C:\Program Files\NVIDIA Corporation\NVIDIA NvDLISR;C:\Program Files\Microsoft SQL Server\130\Tools\Binn\;C:\Program Files\Microsoft SQL Server\Client SDK\ODBC\170\Tools\Binn\;C:\WINDOWS\system32;C:\WINDOWS;C:\WINDOWS\System32\Wbem;C:\WINDOWS\System32\WindowsPowerShell\v1.0\;C:\WINDOWS\System32\OpenSSH\;C:\Program Files\nodejs\;C:\Program Files\MySQL\MySQL Shell 8.0\bin\;C:\Users\mateus.borja\AppData\Local\Microsoft\WindowsApps;C:\Users\mateus.borja\AppData\Local\Programs\Microsoft VS Code\bin;C:\flutter\bin;C:\Users\mateus.borja\AppData\Local\GitHubDesktop\bin;C:\Users\mateus.borja\.dotnet\tools;C:\Program Files\MySQL\MySQL Server 8.0\bin;C:\Users\mateus.borja\AppData\Roaming\npm;C:\Program Files\JetBrains\IntelliJ IDEA Community Edition 2020.3\bin;;;C:\Program Files\JetBrains\PyCharm Community Edition 2020.3\bin;;C:\WINDOWS\system32;
USERNAME=mateus.borja
OS=Windows_NT
PROCESSOR_IDENTIFIER=Intel64 Family 6 Model 158 Stepping 10, GenuineIntel



---------------  S Y S T E M  ---------------

OS:
 Windows 10 , 64 bit Build 19041 (10.0.19041.662)
OS uptime: 0 days 4:27 hours

CPU: total 12 (initial active 12) (6 cores per cpu, 2 threads per core) family 6 model 158 stepping 10, cmov, cx8, fxsr, mmx, sse, sse2, sse3, ssse3, sse4.1, sse4.2, popcnt, vzeroupper, avx, avx2, aes, clmul, erms, 3dnowpref, lzcnt, ht, tsc, tscinvbit, bmi1, bmi2, adx, fma, clflush, clflushopt

Memory: 4k page, system-wide physical 16242M (3689M free)
TotalPageFile size 24434M (AvailPageFile size 237M)
current process WorkingSet (physical memory assigned to process): 10M, peak: 10M
current process commit charge ("private bytes"): 64M, peak: 318M

vm_info: OpenJDK 64-Bit Server VM (15+36-1562) for windows-amd64 JRE (15+36-1562), built on Aug 11 2020 22:33:04 by "mach5one" with unknown MS VC++:1925

END.
